<?xml version="1.0" encoding="UTF-8"?>
<coverage generated="1559763583804" clover="3.2.0">
  <project timestamp="1559763583804" name="All files">
    <metrics statements="28" coveredstatements="28" conditionals="34" coveredconditionals="34" methods="6" coveredmethods="6" elements="68" coveredelements="68" complexity="0" loc="28" ncloc="28" packages="1" files="1" classes="1"/>
    <file name="index.js" path="/Users/christrevino/Workspace/oss/boolean-json-cnf.js/index.js">
      <metrics statements="28" coveredstatements="28" conditionals="34" coveredconditionals="34" methods="6" coveredmethods="6"/>
      <line num="1" count="1" type="stmt"/>
      <line num="3" count="1" type="stmt"/>
      <line num="19" count="7" type="stmt"/>
      <line num="29" count="42" type="cond" truecount="2" falsecount="0"/>
      <line num="34" count="3" type="stmt"/>
      <line num="35" count="3" type="stmt"/>
      <line num="36" count="3" type="stmt"/>
      <line num="42" count="39" type="cond" truecount="2" falsecount="0"/>
      <line num="47" count="3" type="stmt"/>
      <line num="48" count="3" type="stmt"/>
      <line num="49" count="3" type="stmt"/>
      <line num="55" count="36" type="cond" truecount="2" falsecount="0"/>
      <line num="60" count="1" type="stmt"/>
      <line num="66" count="35" type="cond" truecount="2" falsecount="0"/>
      <line num="71" count="1" type="stmt"/>
      <line num="72" count="1" type="stmt"/>
      <line num="73" count="1" type="stmt"/>
      <line num="74" count="1" type="stmt"/>
      <line num="80" count="34" type="cond" truecount="2" falsecount="0"/>
      <line num="85" count="1" type="stmt"/>
      <line num="86" count="1" type="stmt"/>
      <line num="87" count="1" type="stmt"/>
      <line num="88" count="1" type="stmt"/>
      <line num="94" count="33" type="stmt"/>
      <line num="99" count="61" type="cond" truecount="2" falsecount="0"/>
      <line num="103" count="123" type="cond" truecount="2" falsecount="0"/>
      <line num="107" count="162" type="cond" truecount="2" falsecount="0"/>
      <line num="111" count="55" type="stmt"/>
    </file>
  </project>
</coverage>
