{"/Users/christrevino/Workspace/oss/boolean-json-cnf.js/index.js": {"path":"/Users/christrevino/Workspace/oss/boolean-json-cnf.js/index.js","statementMap":{"0":{"start":{"line":1,"column":16},"end":{"line":1,"column":49}},"1":{"start":{"line":3,"column":0},"end":{"line":20,"column":2}},"2":{"start":{"line":19,"column":2},"end":{"line":19,"column":42}},"3":{"start":{"line":29,"column":2},"end":{"line":95,"column":3}},"4":{"start":{"line":34,"column":4},"end":{"line":34,"column":40}},"5":{"start":{"line":35,"column":4},"end":{"line":35,"column":40}},"6":{"start":{"line":36,"column":4},"end":{"line":38,"column":6}},"7":{"start":{"line":42,"column":9},"end":{"line":95,"column":3}},"8":{"start":{"line":47,"column":4},"end":{"line":47,"column":41}},"9":{"start":{"line":48,"column":4},"end":{"line":48,"column":41}},"10":{"start":{"line":49,"column":4},"end":{"line":51,"column":6}},"11":{"start":{"line":55,"column":9},"end":{"line":95,"column":3}},"12":{"start":{"line":60,"column":4},"end":{"line":60,"column":41}},"13":{"start":{"line":66,"column":9},"end":{"line":95,"column":3}},"14":{"start":{"line":71,"column":4},"end":{"line":71,"column":36}},"15":{"start":{"line":72,"column":4},"end":{"line":72,"column":43}},"16":{"start":{"line":73,"column":4},"end":{"line":73,"column":43}},"17":{"start":{"line":74,"column":4},"end":{"line":76,"column":6}},"18":{"start":{"line":80,"column":9},"end":{"line":95,"column":3}},"19":{"start":{"line":85,"column":4},"end":{"line":85,"column":36}},"20":{"start":{"line":86,"column":4},"end":{"line":86,"column":43}},"21":{"start":{"line":87,"column":4},"end":{"line":87,"column":43}},"22":{"start":{"line":88,"column":4},"end":{"line":90,"column":6}},"23":{"start":{"line":94,"column":4},"end":{"line":94,"column":22}},"24":{"start":{"line":99,"column":2},"end":{"line":99,"column":59}},"25":{"start":{"line":103,"column":2},"end":{"line":103,"column":58}},"26":{"start":{"line":107,"column":2},"end":{"line":107,"column":59}},"27":{"start":{"line":111,"column":2},"end":{"line":115,"column":4}}},"fnMap":{"0":{"name":"booleanJSONCNF","decl":{"start":{"line":3,"column":26},"end":{"line":3,"column":40}},"loc":{"start":{"line":3,"column":53},"end":{"line":20,"column":1}},"line":3},"1":{"name":"normalize","decl":{"start":{"line":22,"column":9},"end":{"line":22,"column":18}},"loc":{"start":{"line":22,"column":31},"end":{"line":96,"column":1}},"line":22},"2":{"name":"isConjunction","decl":{"start":{"line":98,"column":9},"end":{"line":98,"column":22}},"loc":{"start":{"line":98,"column":33},"end":{"line":100,"column":1}},"line":98},"3":{"name":"isDisjunction","decl":{"start":{"line":102,"column":9},"end":{"line":102,"column":22}},"loc":{"start":{"line":102,"column":33},"end":{"line":104,"column":1}},"line":102},"4":{"name":"isNegation","decl":{"start":{"line":106,"column":9},"end":{"line":106,"column":19}},"loc":{"start":{"line":106,"column":30},"end":{"line":108,"column":1}},"line":106},"5":{"name":"isVariable","decl":{"start":{"line":110,"column":9},"end":{"line":110,"column":19}},"loc":{"start":{"line":110,"column":32},"end":{"line":116,"column":1}},"line":110}},"branchMap":{"0":{"loc":{"start":{"line":29,"column":2},"end":{"line":95,"column":3}},"type":"if","locations":[{"start":{"line":29,"column":2},"end":{"line":95,"column":3}},{"start":{"line":29,"column":2},"end":{"line":95,"column":3}}],"line":29},"1":{"loc":{"start":{"line":30,"column":4},"end":{"line":32,"column":33}},"type":"binary-expr","locations":[{"start":{"line":30,"column":4},"end":{"line":30,"column":26}},{"start":{"line":31,"column":4},"end":{"line":31,"column":31}},{"start":{"line":32,"column":4},"end":{"line":32,"column":33}}],"line":30},"2":{"loc":{"start":{"line":42,"column":9},"end":{"line":95,"column":3}},"type":"if","locations":[{"start":{"line":42,"column":9},"end":{"line":95,"column":3}},{"start":{"line":42,"column":9},"end":{"line":95,"column":3}}],"line":42},"3":{"loc":{"start":{"line":43,"column":4},"end":{"line":45,"column":33}},"type":"binary-expr","locations":[{"start":{"line":43,"column":4},"end":{"line":43,"column":26}},{"start":{"line":44,"column":4},"end":{"line":44,"column":31}},{"start":{"line":45,"column":4},"end":{"line":45,"column":33}}],"line":43},"4":{"loc":{"start":{"line":55,"column":9},"end":{"line":95,"column":3}},"type":"if","locations":[{"start":{"line":55,"column":9},"end":{"line":95,"column":3}},{"start":{"line":55,"column":9},"end":{"line":95,"column":3}}],"line":55},"5":{"loc":{"start":{"line":56,"column":4},"end":{"line":58,"column":30}},"type":"binary-expr","locations":[{"start":{"line":56,"column":4},"end":{"line":56,"column":26}},{"start":{"line":57,"column":4},"end":{"line":57,"column":31}},{"start":{"line":58,"column":4},"end":{"line":58,"column":30}}],"line":56},"6":{"loc":{"start":{"line":66,"column":9},"end":{"line":95,"column":3}},"type":"if","locations":[{"start":{"line":66,"column":9},"end":{"line":95,"column":3}},{"start":{"line":66,"column":9},"end":{"line":95,"column":3}}],"line":66},"7":{"loc":{"start":{"line":67,"column":4},"end":{"line":69,"column":35}},"type":"binary-expr","locations":[{"start":{"line":67,"column":4},"end":{"line":67,"column":29}},{"start":{"line":68,"column":4},"end":{"line":68,"column":33}},{"start":{"line":69,"column":4},"end":{"line":69,"column":35}}],"line":67},"8":{"loc":{"start":{"line":80,"column":9},"end":{"line":95,"column":3}},"type":"if","locations":[{"start":{"line":80,"column":9},"end":{"line":95,"column":3}},{"start":{"line":80,"column":9},"end":{"line":95,"column":3}}],"line":80},"9":{"loc":{"start":{"line":81,"column":4},"end":{"line":83,"column":35}},"type":"binary-expr","locations":[{"start":{"line":81,"column":4},"end":{"line":81,"column":29}},{"start":{"line":82,"column":4},"end":{"line":82,"column":33}},{"start":{"line":83,"column":4},"end":{"line":83,"column":35}}],"line":81},"10":{"loc":{"start":{"line":99,"column":9},"end":{"line":99,"column":58}},"type":"binary-expr","locations":[{"start":{"line":99,"column":9},"end":{"line":99,"column":37}},{"start":{"line":99,"column":41},"end":{"line":99,"column":58}}],"line":99},"11":{"loc":{"start":{"line":103,"column":9},"end":{"line":103,"column":57}},"type":"binary-expr","locations":[{"start":{"line":103,"column":9},"end":{"line":103,"column":37}},{"start":{"line":103,"column":41},"end":{"line":103,"column":57}}],"line":103},"12":{"loc":{"start":{"line":107,"column":9},"end":{"line":107,"column":58}},"type":"binary-expr","locations":[{"start":{"line":107,"column":9},"end":{"line":107,"column":37}},{"start":{"line":107,"column":41},"end":{"line":107,"column":58}}],"line":107},"13":{"loc":{"start":{"line":112,"column":4},"end":{"line":114,"column":27}},"type":"binary-expr","locations":[{"start":{"line":112,"column":4},"end":{"line":112,"column":30}},{"start":{"line":113,"column":4},"end":{"line":113,"column":30}},{"start":{"line":114,"column":4},"end":{"line":114,"column":27}}],"line":112}},"s":{"0":1,"1":1,"2":7,"3":42,"4":3,"5":3,"6":3,"7":39,"8":3,"9":3,"10":3,"11":36,"12":1,"13":35,"14":1,"15":1,"16":1,"17":1,"18":34,"19":1,"20":1,"21":1,"22":1,"23":33,"24":61,"25":123,"26":162,"27":55},"f":{"0":7,"1":42,"2":61,"3":123,"4":162,"5":55},"b":{"0":[3,39],"1":[42,17,7],"2":[3,36],"3":[39,14,4],"4":[1,35],"5":[36,11,1],"6":[1,34],"7":[35,7,1],"8":[1,33],"9":[34,6,1],"10":[61,20],"11":[123,48],"12":[162,70],"13":[55,47,44]},"_coverageSchema":"43e27e138ebf9cfc5966b082cf9a028302ed4184","hash":"670cebe133a2244487aa17ca4aa3fac45cf725ae"}
}
