TN:
SF:/Users/christrevino/Workspace/oss/boolean-json-cnf.js/index.js
FN:3,booleanJSONCNF
FN:22,normalize
FN:98,isConjunction
FN:102,isDisjunction
FN:106,isNegation
FN:110,isVariable
FNF:6
FNH:6
FNDA:7,booleanJSONCNF
FNDA:42,normalize
FNDA:61,isConjunction
FNDA:123,isDisjunction
FNDA:162,isNegation
FNDA:55,isVariable
DA:1,1
DA:3,1
DA:19,7
DA:29,42
DA:34,3
DA:35,3
DA:36,3
DA:42,39
DA:47,3
DA:48,3
DA:49,3
DA:55,36
DA:60,1
DA:66,35
DA:71,1
DA:72,1
DA:73,1
DA:74,1
DA:80,34
DA:85,1
DA:86,1
DA:87,1
DA:88,1
DA:94,33
DA:99,61
DA:103,123
DA:107,162
DA:111,55
LF:28
LH:28
BRDA:29,0,0,3
BRDA:29,0,1,39
BRDA:30,1,0,42
BRDA:30,1,1,17
BRDA:30,1,2,7
BRDA:42,2,0,3
BRDA:42,2,1,36
BRDA:43,3,0,39
BRDA:43,3,1,14
BRDA:43,3,2,4
BRDA:55,4,0,1
BRDA:55,4,1,35
BRDA:56,5,0,36
BRDA:56,5,1,11
BRDA:56,5,2,1
BRDA:66,6,0,1
BRDA:66,6,1,34
BRDA:67,7,0,35
BRDA:67,7,1,7
BRDA:67,7,2,1
BRDA:80,8,0,1
BRDA:80,8,1,33
BRDA:81,9,0,34
BRDA:81,9,1,6
BRDA:81,9,2,1
BRDA:99,10,0,61
BRDA:99,10,1,20
BRDA:103,11,0,123
BRDA:103,11,1,48
BRDA:107,12,0,162
BRDA:107,12,1,70
BRDA:112,13,0,55
BRDA:112,13,1,47
BRDA:112,13,2,44
BRF:34
BRH:34
end_of_record
